<?xml version="1.0" encoding="UTF-8"?>
<testsuite xmlns:xsi="http://www.w3.org/2001/XMLSchema-instance" xsi:noNamespaceSchemaLocation="https://maven.apache.org/surefire/maven-surefire-plugin/xsd/surefire-test-report-3.0.xsd" version="3.0" name="com.AutosQA.dao.AutoDaoTest" time="0.844" tests="10" errors="0" skipped="0" failures="0">
  <properties>
    <property name="java.specification.version" value="17"/>
    <property name="sun.cpu.isalist" value="amd64"/>
    <property name="sun.jnu.encoding" value="Cp1252"/>
    <property name="java.class.path" value="C:\Users\claud\Desktop\Bootcamp Automatización de pruebas QA\AutosQa\target\test-classes;C:\Users\claud\Desktop\Bootcamp Automatización de pruebas QA\AutosQa\target\classes;C:\Users\claud\.m2\repository\org\junit\jupiter\junit-jupiter\5.10.0\junit-jupiter-5.10.0.jar;C:\Users\claud\.m2\repository\org\junit\jupiter\junit-jupiter-api\5.10.0\junit-jupiter-api-5.10.0.jar;C:\Users\claud\.m2\repository\org\opentest4j\opentest4j\1.3.0\opentest4j-1.3.0.jar;C:\Users\claud\.m2\repository\org\junit\platform\junit-platform-commons\1.10.0\junit-platform-commons-1.10.0.jar;C:\Users\claud\.m2\repository\org\apiguardian\apiguardian-api\1.1.2\apiguardian-api-1.1.2.jar;C:\Users\claud\.m2\repository\org\junit\jupiter\junit-jupiter-params\5.10.0\junit-jupiter-params-5.10.0.jar;C:\Users\claud\.m2\repository\org\junit\jupiter\junit-jupiter-engine\5.10.0\junit-jupiter-engine-5.10.0.jar;C:\Users\claud\.m2\repository\org\junit\platform\junit-platform-engine\1.10.0\junit-platform-engine-1.10.0.jar;C:\Users\claud\.m2\repository\org\mockito\mockito-inline\5.2.0\mockito-inline-5.2.0.jar;C:\Users\claud\.m2\repository\org\mockito\mockito-core\5.11.0\mockito-core-5.11.0.jar;C:\Users\claud\.m2\repository\net\bytebuddy\byte-buddy\1.14.12\byte-buddy-1.14.12.jar;C:\Users\claud\.m2\repository\net\bytebuddy\byte-buddy-agent\1.14.12\byte-buddy-agent-1.14.12.jar;C:\Users\claud\.m2\repository\org\objenesis\objenesis\3.3\objenesis-3.3.jar;C:\Users\claud\.m2\repository\org\mockito\mockito-junit-jupiter\5.11.0\mockito-junit-jupiter-5.11.0.jar;C:\Users\claud\.m2\repository\org\projectlombok\lombok\1.18.30\lombok-1.18.30.jar;C:\Users\claud\.m2\repository\com\h2database\h2\2.2.224\h2-2.2.224.jar;"/>
    <property name="java.vm.vendor" value="Eclipse Adoptium"/>
    <property name="sun.arch.data.model" value="64"/>
    <property name="user.variant" value=""/>
    <property name="java.vendor.url" value="https://adoptium.net/"/>
    <property name="user.timezone" value="America/Santiago"/>
    <property name="os.name" value="Windows 11"/>
    <property name="java.vm.specification.version" value="17"/>
    <property name="sun.java.launcher" value="SUN_STANDARD"/>
    <property name="user.country" value="CL"/>
    <property name="sun.boot.library.path" value="C:\Program Files\Eclipse Adoptium\jdk-17.0.15.6-hotspot\bin"/>
    <property name="sun.java.command" value="C:\Users\claud\AppData\Local\Temp\surefire2416854595360792618\surefirebooter-20250725182009171_3.jar C:\Users\claud\AppData\Local\Temp\surefire2416854595360792618 2025-07-25T18-20-08_965-jvmRun1 surefire-20250725182009171_1tmp surefire_0-20250725182009171_2tmp"/>
    <property name="jdk.debug" value="release"/>
    <property name="surefire.test.class.path" value="C:\Users\claud\Desktop\Bootcamp Automatización de pruebas QA\AutosQa\target\test-classes;C:\Users\claud\Desktop\Bootcamp Automatización de pruebas QA\AutosQa\target\classes;C:\Users\claud\.m2\repository\org\junit\jupiter\junit-jupiter\5.10.0\junit-jupiter-5.10.0.jar;C:\Users\claud\.m2\repository\org\junit\jupiter\junit-jupiter-api\5.10.0\junit-jupiter-api-5.10.0.jar;C:\Users\claud\.m2\repository\org\opentest4j\opentest4j\1.3.0\opentest4j-1.3.0.jar;C:\Users\claud\.m2\repository\org\junit\platform\junit-platform-commons\1.10.0\junit-platform-commons-1.10.0.jar;C:\Users\claud\.m2\repository\org\apiguardian\apiguardian-api\1.1.2\apiguardian-api-1.1.2.jar;C:\Users\claud\.m2\repository\org\junit\jupiter\junit-jupiter-params\5.10.0\junit-jupiter-params-5.10.0.jar;C:\Users\claud\.m2\repository\org\junit\jupiter\junit-jupiter-engine\5.10.0\junit-jupiter-engine-5.10.0.jar;C:\Users\claud\.m2\repository\org\junit\platform\junit-platform-engine\1.10.0\junit-platform-engine-1.10.0.jar;C:\Users\claud\.m2\repository\org\mockito\mockito-inline\5.2.0\mockito-inline-5.2.0.jar;C:\Users\claud\.m2\repository\org\mockito\mockito-core\5.11.0\mockito-core-5.11.0.jar;C:\Users\claud\.m2\repository\net\bytebuddy\byte-buddy\1.14.12\byte-buddy-1.14.12.jar;C:\Users\claud\.m2\repository\net\bytebuddy\byte-buddy-agent\1.14.12\byte-buddy-agent-1.14.12.jar;C:\Users\claud\.m2\repository\org\objenesis\objenesis\3.3\objenesis-3.3.jar;C:\Users\claud\.m2\repository\org\mockito\mockito-junit-jupiter\5.11.0\mockito-junit-jupiter-5.11.0.jar;C:\Users\claud\.m2\repository\org\projectlombok\lombok\1.18.30\lombok-1.18.30.jar;C:\Users\claud\.m2\repository\com\h2database\h2\2.2.224\h2-2.2.224.jar;"/>
    <property name="sun.cpu.endian" value="little"/>
    <property name="user.home" value="C:\Users\claud"/>
    <property name="user.language" value="es"/>
    <property name="java.specification.vendor" value="Oracle Corporation"/>
    <property name="java.version.date" value="2025-04-15"/>
    <property name="java.home" value="C:\Program Files\Eclipse Adoptium\jdk-17.0.15.6-hotspot"/>
    <property name="file.separator" value="\"/>
    <property name="basedir" value="C:\Users\claud\Desktop\Bootcamp Automatización de pruebas QA\AutosQa"/>
    <property name="java.vm.compressedOopsMode" value="Zero based"/>
    <property name="line.separator" value="&#10;"/>
    <property name="java.vm.specification.vendor" value="Oracle Corporation"/>
    <property name="java.specification.name" value="Java Platform API Specification"/>
    <property name="surefire.real.class.path" value="C:\Users\claud\AppData\Local\Temp\surefire2416854595360792618\surefirebooter-20250725182009171_3.jar"/>
    <property name="user.script" value=""/>
    <property name="sun.management.compiler" value="HotSpot 64-Bit Tiered Compilers"/>
    <property name="java.runtime.version" value="17.0.15+6"/>
    <property name="user.name" value="claud"/>
    <property name="path.separator" value=";"/>
    <property name="os.version" value="10.0"/>
    <property name="java.runtime.name" value="OpenJDK Runtime Environment"/>
    <property name="file.encoding" value="Cp1252"/>
    <property name="java.vm.name" value="OpenJDK 64-Bit Server VM"/>
    <property name="java.vendor.version" value="Temurin-17.0.15+6"/>
    <property name="localRepository" value="C:\Users\claud\.m2\repository"/>
    <property name="java.vendor.url.bug" value="https://github.com/adoptium/adoptium-support/issues"/>
    <property name="java.io.tmpdir" value="C:\Users\claud\AppData\Local\Temp\"/>
    <property name="java.version" value="17.0.15"/>
    <property name="user.dir" value="C:\Users\claud\Desktop\Bootcamp Automatización de pruebas QA\AutosQa"/>
    <property name="os.arch" value="amd64"/>
    <property name="java.vm.specification.name" value="Java Virtual Machine Specification"/>
    <property name="sun.os.patch.level" value=""/>
    <property name="native.encoding" value="Cp1252"/>
    <property name="java.library.path" value="C:\Program Files\Eclipse Adoptium\jdk-17.0.15.6-hotspot\bin;C:\WINDOWS\Sun\Java\bin;C:\WINDOWS\system32;C:\WINDOWS;C:\Program Files\Eclipse Adoptium\jdk-17.0.15.6-hotspot\bin;C:\Program Files (x86)\VMware\VMware Player\bin\;C:\Python311\Scripts\;C:\Python311\;C:\Program Files\Common Files\Oracle\Java\javapath;C:\Program Files (x86)\Common Files\Oracle\Java\javapath;C:\windows\system32;C:\windows;C:\windows\System32\Wbem;C:\windows\System32\WindowsPowerShell\v1.0\;C:\windows\System32\OpenSSH\;C:\Program Files (x86)\NVIDIA Corporation\PhysX\Common;C:\Program Files\NVIDIA Corporation\NVIDIA NvDLISR;C:\Program Files\Java\jdk-17\bin;C:\Program Files\MySQL\MySQL Server 8.0\bin;C:\Program Files\Git\cmd;;C:\WINDOWS\system32;C:\WINDOWS;C:\WINDOWS\System32\Wbem;C:\WINDOWS\System32\WindowsPowerShell\v1.0\;C:\WINDOWS\System32\OpenSSH\;C:\Program Files\nodejs\;C:\ProgramData\chocolatey\bin;C:\Program Files\dotnet\;C:\Program Files\MySQL\MySQL Shell 8.0\bin\;C:\Users\claud\AppData\Local\Microsoft\WindowsApps;C:\Users\claud\AppData\Local\atom\bin;C:\Users\claud\AppData\Local\Programs\Microsoft VS Code\bin;C:\Program Files\JetBrains\IntelliJ IDEA Community Edition 2021.2.3\bin;;C:\Users\claud\AppData\Local\Microsoft\WindowsApps;C:\Users\claud\AppData\Roaming\npm;C:\Program Files\PostgreSQL\17\bin;C:\Users\claud\AppData\Local\Muse Hub\lib;C:\Program Files\Java\apache-maven-3.9.10\bin;;."/>
    <property name="java.vm.info" value="mixed mode, sharing"/>
    <property name="java.vendor" value="Eclipse Adoptium"/>
    <property name="java.vm.version" value="17.0.15+6"/>
    <property name="java.specification.maintenance.version" value="1"/>
    <property name="sun.io.unicode.encoding" value="UnicodeLittle"/>
    <property name="java.class.version" value="61.0"/>
  </properties>
  <testcase name="testListarPorMarca" classname="com.AutosQA.dao.AutoDaoTest" time="0.057">
    <system-out><![CDATA[==========================================
==========================================

&amp#27;[34mInicio de pruebas - Tabla creada&amp#27;[0m
Tabla 'auto' limpiada antes del test.
==========================================
==========================================

&amp#27;[34mTest listar por Marca&amp#27;[0m
Resultado del listar por marca: 
Auto{id=1, marca='Toyota', modelo='Corolla', fabricacion=2020}
Auto{id=2, marca='Toyota', modelo='Yaris', fabricacion=2021}
]]></system-out>
  </testcase>
  <testcase name="testActualizar" classname="com.AutosQA.dao.AutoDaoTest" time="0.01">
    <system-out><![CDATA[Tabla 'auto' limpiada antes del test.
==========================================
==========================================

&amp#27;[34mTest actualizar Auto&amp#27;[0m
Auto actualizado: Auto{id=4, marca='Honda', modelo='Accord', fabricacion=2020}
]]></system-out>
  </testcase>
  <testcase name="testCrear" classname="com.AutosQA.dao.AutoDaoTest" time="0.01">
    <system-out><![CDATA[Tabla 'auto' limpiada antes del test.
==========================================
==========================================

&amp#27;[34mTest crear Auto&amp#27;[0m
Resultado del listar por marca: 
Auto{id=5, marca='Toyota', modelo='Corolla', fabricacion=2020}
Auto{id=6, marca='Toyota', modelo='4runner', fabricacion=2020}
Auto{id=7, marca='Toyota', modelo='Yaris', fabricacion=2021}
Auto{id=8, marca='Ford', modelo='Fiesta', fabricacion=2019}
]]></system-out>
  </testcase>
  <testcase name="testListarPorAnioFabricacion" classname="com.AutosQA.dao.AutoDaoTest" time="0.005">
    <system-out><![CDATA[Tabla 'auto' limpiada antes del test.
==========================================
==========================================

&amp#27;[34mTest listar por Año Fabricación&amp#27;[0m
Resultado por año de fabricación: 
Auto{id=9, marca='Kia', modelo='Rio', fabricacion=2020}
]]></system-out>
  </testcase>
  <testcase name="testCrearAutoValidaciones" classname="com.AutosQA.dao.AutoDaoTest" time="0.006">
    <system-out><![CDATA[Tabla 'auto' limpiada antes del test.
==========================================
==========================================

&amp#27;[34mTest crear Auto con validaciones&amp#27;[0m
]]></system-out>
  </testcase>
  <testcase name="testBuscarPorId" classname="com.AutosQA.dao.AutoDaoTest" time="0.004">
    <system-out><![CDATA[Tabla 'auto' limpiada antes del test.
==========================================
==========================================

&amp#27;[34mTest buscar Auto por ID&amp#27;[0m
Auto encontrado por ID 12: Auto{id=12, marca='Ford', modelo='Focus', fabricacion=2019}
]]></system-out>
  </testcase>
  <testcase name="testEliminar" classname="com.AutosQA.dao.AutoDaoTest" time="0.006">
    <system-out><![CDATA[Tabla 'auto' limpiada antes del test.
==========================================
==========================================

&amp#27;[34mTest eliminar Auto&amp#27;[0m
Auto con ID 13 eliminado correctamente.
]]></system-out>
  </testcase>
  <testcase name="testEliminarAutoInexistente" classname="com.AutosQA.dao.AutoDaoTest" time="0.005">
    <system-out><![CDATA[Tabla 'auto' limpiada antes del test.
==========================================
==========================================

&amp#27;[34mTest eliminar auto inexistente&amp#27;[0m
Intento de eliminar auto inexistente no arrojó error.
]]></system-out>
  </testcase>
  <testcase name="testListar" classname="com.AutosQA.dao.AutoDaoTest" time="0.008">
    <system-out><![CDATA[Tabla 'auto' limpiada antes del test.
==========================================
==========================================

&amp#27;[34mTest listar Autos&amp#27;[0m
Listado de autos: 2
Auto{id=15, marca='Chevrolet', modelo='Spark', fabricacion=2017}
Auto{id=16, marca='Chevrolet', modelo='Corsa', fabricacion=2016}
]]></system-out>
  </testcase>
  <testcase name="testBuscarPorIdInexistente" classname="com.AutosQA.dao.AutoDaoTest" time="0.002">
    <system-out><![CDATA[Tabla 'auto' limpiada antes del test.
==========================================
==========================================

&amp#27;[34mTest buscar por ID inexistente&amp#27;[0m
Buscar por ID inexistente retornó: null
]]></system-out>
  </testcase>
</testsuite>